TN:
SF:script/DeployAll.s.sol
DA:16,0
FN:16,DeployAll.run
FNDA:0,DeployAll.run
DA:17,0
DA:18,0
DA:20,0
DA:23,0
FN:23,DeployAll._deployGameRegistry
FNDA:0,DeployAll._deployGameRegistry
DA:24,0
DA:26,0
DA:32,0
DA:35,0
FN:35,DeployAll._deployWBCharacters
FNDA:0,DeployAll._deployWBCharacters
DA:36,0
DA:38,0
DA:40,0
DA:43,0
FN:43,DeployAll._deployWBResources
FNDA:0,DeployAll._deployWBResources
DA:44,0
DA:46,0
DA:48,0
DA:51,0
FN:51,DeployAll._deployWBItems
FNDA:0,DeployAll._deployWBItems
DA:52,0
DA:54,0
DA:55,0
DA:58,0
FN:58,DeployAll._deployWBCoin
FNDA:0,DeployAll._deployWBCoin
DA:59,0
DA:61,0
DA:62,0
DA:65,0
FN:65,DeployAll.deploy
FNDA:0,DeployAll.deploy
DA:66,0
DA:68,0
DA:75,0
DA:78,0
DA:81,0
DA:83,0
DA:86,0
DA:87,0
DA:89,0
DA:90,0
DA:92,0
DA:93,0
DA:95,0
DA:96,0
DA:98,0
FNF:7
FNH:0
LF:40
LH:0
BRF:0
BRH:0
end_of_record
TN:
SF:script/DeployGameMarket.s.sol
DA:10,0
FN:10,DeployGameMarket.run
FNDA:0,DeployGameMarket.run
DA:11,0
DA:14,10
FN:14,DeployGameMarket.deploy
FNDA:10,DeployGameMarket.deploy
DA:15,10
DA:16,10
DA:17,10
DA:18,10
DA:19,10
FNF:2
FNH:1
LF:8
LH:6
BRF:0
BRH:0
end_of_record
TN:
SF:script/DeployGameRegistry.s.sol
DA:14,0
FN:14,DeployGameRegistry.run
FNDA:0,DeployGameRegistry.run
DA:15,0
DA:18,54
FN:18,DeployGameRegistry.deploy
FNDA:54,DeployGameRegistry.deploy
DA:19,54
DA:20,54
DA:21,54
DA:24,54
DA:25,54
FNF:2
FNH:1
LF:8
LH:6
BRF:0
BRH:0
end_of_record
TN:
SF:script/DeployWBCharacters.s.sol
DA:10,1
FN:10,DeployWBCharacters.run
FNDA:1,DeployWBCharacters.run
DA:11,1
DA:14,37
FN:14,DeployWBCharacters.deploy
FNDA:37,DeployWBCharacters.deploy
DA:15,38
DA:16,38
DA:17,38
DA:18,38
DA:19,38
FNF:2
FNH:2
LF:8
LH:8
BRF:0
BRH:0
end_of_record
TN:
SF:script/DeployWBCoin.s.sol
DA:10,1
FN:10,DeployWBCoin.run
FNDA:1,DeployWBCoin.run
DA:11,1
DA:14,28
FN:14,DeployWBCoin.deploy
FNDA:28,DeployWBCoin.deploy
DA:15,29
DA:16,29
DA:17,29
DA:18,29
DA:19,29
FNF:2
FNH:2
LF:8
LH:8
BRF:0
BRH:0
end_of_record
TN:
SF:script/DeployWBItems.s.sol
DA:10,1
FN:10,DeployWBItems.run
FNDA:1,DeployWBItems.run
DA:11,1
DA:14,28
FN:14,DeployWBItems.deploy
FNDA:28,DeployWBItems.deploy
DA:15,29
DA:16,29
DA:17,29
DA:18,29
DA:19,29
FNF:2
FNH:2
LF:8
LH:8
BRF:0
BRH:0
end_of_record
TN:
SF:script/DeployWBResources.s.sol
DA:10,1
FN:10,DeployWBResources.run
FNDA:1,DeployWBResources.run
DA:11,1
DA:14,42
FN:14,DeployWBResources.deploy
FNDA:42,DeployWBResources.deploy
DA:15,43
DA:16,43
DA:17,43
DA:18,43
DA:19,43
FNF:2
FNH:2
LF:8
LH:8
BRF:0
BRH:0
end_of_record
TN:
SF:script/HelperConfig.s.sol
DA:17,5
FN:17,HelperConfig.constructor
FNDA:5,HelperConfig.constructor
DA:18,5
BRDA:18,0,0,-
BRDA:18,0,1,5
DA:19,0
DA:20,5
BRDA:20,1,0,-
BRDA:20,1,1,5
DA:21,0
DA:23,5
DA:27,1
FN:27,HelperConfig.getSepoliaEthConfig
FNDA:1,HelperConfig.getSepoliaEthConfig
DA:28,1
DA:37,1
FN:37,HelperConfig.getFujiAvlConfig
FNDA:1,HelperConfig.getFujiAvlConfig
DA:38,1
DA:47,6
FN:47,HelperConfig.getOrCreateAnvilEthConfig
FNDA:6,HelperConfig.getOrCreateAnvilEthConfig
DA:48,6
BRDA:48,2,0,1
DA:49,1
DA:52,5
DA:61,1
FN:61,HelperConfig.getConfig
FNDA:1,HelperConfig.getConfig
DA:62,1
FNF:5
FNH:5
LF:16
LH:14
BRF:5
BRH:3
end_of_record
TN:
SF:src/GameMarket.sol
DA:79,0
FN:79,GameMarket.isOwner
FNDA:0,GameMarket.isOwner
DA:80,0
DA:85,12
FN:85,GameMarket.constructor
FNDA:12,GameMarket.constructor
DA:86,12
DA:96,11
FN:96,GameMarket.initialize
FNDA:11,GameMarket.initialize
DA:97,10
DA:98,10
DA:99,10
DA:100,10
DA:111,0
FN:111,GameMarket.setProtocolFee
FNDA:0,GameMarket.setProtocolFee
DA:112,0
DA:119,0
FN:119,GameMarket.allowToken
FNDA:0,GameMarket.allowToken
DA:120,0
BRDA:120,0,0,-
DA:121,0
DA:123,0
DA:124,0
DA:131,0
FN:131,GameMarket.disallowToken
FNDA:0,GameMarket.disallowToken
DA:132,0
BRDA:132,1,0,-
DA:133,0
DA:135,0
DA:136,0
DA:143,3
FN:143,GameMarket.setGameRegistry
FNDA:3,GameMarket.setGameRegistry
DA:144,3
DA:157,4
FN:157,GameMarket.createOrder
FNDA:4,GameMarket.createOrder
DA:168,4
DA:170,4
DA:182,4
DA:189,0
FN:189,GameMarket.cancelOrder
FNDA:0,GameMarket.cancelOrder
DA:190,0
DA:191,0
DA:200,2
FN:200,GameMarket.fillOrder
FNDA:2,GameMarket.fillOrder
DA:201,2
DA:202,2
BRDA:202,2,0,-
DA:203,0
DA:205,2
BRDA:205,3,0,-
DA:206,0
DA:208,2
BRDA:208,4,0,-
DA:209,0
DA:212,2
DA:213,2
DA:215,2
DA:216,2
DA:217,2
DA:218,2
DA:219,2
DA:221,2
DA:223,2
DA:224,2
DA:226,2
BRDA:226,5,0,1
BRDA:226,5,1,1
DA:227,1
BRDA:227,6,0,-
DA:228,0
DA:232,1
DA:233,1
BRDA:233,7,0,-
DA:234,0
DA:237,1
DA:238,1
DA:242,2
BRDA:242,8,0,2
BRDA:242,8,1,-
DA:243,2
DA:245,0
DA:253,0
FN:253,GameMarket.pauseOrder
FNDA:0,GameMarket.pauseOrder
DA:254,0
DA:255,0
DA:262,0
FN:262,GameMarket.unpauseOrder
FNDA:0,GameMarket.unpauseOrder
DA:263,0
BRDA:263,9,0,-
DA:264,0
DA:266,0
DA:267,0
DA:279,2
FN:279,GameMarket._authorizeUpgrade
FNDA:2,GameMarket._authorizeUpgrade
DA:289,0
FN:289,GameMarket._isOrderOwner
FNDA:0,GameMarket._isOrderOwner
DA:290,0
BRDA:290,10,0,-
DA:291,0
DA:299,4
FN:299,GameMarket.getOrder
FNDA:4,GameMarket.getOrder
DA:300,4
DA:308,0
FN:308,GameMarket.getGameElementsList
FNDA:0,GameMarket.getGameElementsList
DA:309,0
BRDA:309,11,0,-
DA:310,0
DA:313,0
BRDA:313,12,0,-
DA:314,0
DA:317,0
BRDA:317,13,0,-
DA:318,0
DA:321,0
BRDA:321,14,0,-
DA:322,0
DA:324,0
DA:332,3
FN:332,GameMarket.getGameElementName
FNDA:3,GameMarket.getGameElementName
DA:333,3
DA:341,0
FN:341,GameMarket.getGameElementHash
FNDA:0,GameMarket.getGameElementHash
DA:342,0
DA:349,0
FN:349,GameMarket.getProtocolFee
FNDA:0,GameMarket.getProtocolFee
DA:350,0
DA:358,0
FN:358,GameMarket.checkTokenIsAllowed
FNDA:0,GameMarket.checkTokenIsAllowed
DA:359,0
DA:362,2
FN:362,GameMarket.previewTotalPrice
FNDA:2,GameMarket.previewTotalPrice
DA:363,2
DA:364,2
FNF:21
FNH:9
LF:94
LH:44
BRF:17
BRH:3
end_of_record
TN:
SF:src/GameRegistry.sol
DA:91,36
FN:91,GameRegistry.onlyGameSignerRole
FNDA:36,GameRegistry.onlyGameSignerRole
DA:92,36
BRDA:92,0,0,1
DA:93,1
DA:100,56
FN:100,GameRegistry.constructor
FNDA:56,GameRegistry.constructor
DA:101,56
DA:118,55
FN:118,GameRegistry.initialize
FNDA:55,GameRegistry.initialize
DA:128,55
DA:129,55
DA:131,55
DA:132,55
DA:133,55
DA:134,55
DA:136,55
BRDA:136,1,0,1
DA:137,1
DA:139,54
DA:151,5
FN:151,GameRegistry.commitBatch
FNDA:5,GameRegistry.commitBatch
DA:152,5
BRDA:152,2,0,2
DA:153,2
DA:155,3
BRDA:155,3,0,1
DA:156,1
DA:159,2
DA:161,2
DA:162,3
DA:163,3
DA:166,3
DA:179,23
FN:179,GameRegistry.commitSingle
FNDA:23,GameRegistry.commitSingle
DA:180,23
DA:190,3
FN:190,GameRegistry.removeGameElement
FNDA:3,GameRegistry.removeGameElement
DA:191,2
DA:193,2
BRDA:193,4,0,1
DA:194,1
DA:197,1
DA:198,1
DA:200,1
DA:204,1
DA:218,36
FN:218,GameRegistry.addGameElement
FNDA:36,GameRegistry.addGameElement
DA:228,35
BRDA:228,5,0,1
DA:229,1
DA:232,34
BRDA:232,6,0,1
DA:233,1
DA:237,33
DA:240,33
DA:243,33
BRDA:243,7,0,1
DA:244,1
DA:248,32
DA:251,32
DA:254,32
DA:267,26
FN:267,GameRegistry._commitSingle
FNDA:26,GameRegistry._commitSingle
DA:268,26
BRDA:268,8,0,3
DA:269,3
DA:272,23
DA:274,0
BRDA:274,9,0,-
DA:275,0
DA:278,15
DA:279,15
DA:280,15
DA:282,14
DA:290,15
FN:290,GameRegistry._commitDispatcher
FNDA:15,GameRegistry._commitDispatcher
DA:291,15
BRDA:291,10,0,-
DA:292,0
DA:294,15
DA:295,15
DA:296,15
BRDA:296,11,0,1
DA:297,1
DA:308,14
FN:308,GameRegistry._verifyAfter
FNDA:14,GameRegistry._verifyAfter
DA:324,23
FN:324,GameRegistry._verifyInputs
FNDA:23,GameRegistry._verifyInputs
DA:333,23
DA:334,23
DA:335,23
DA:337,23
DA:339,1
BRDA:339,12,0,1
DA:340,1
DA:342,22
BRDA:342,13,0,-
DA:343,0
DA:345,22
BRDA:345,14,0,1
DA:346,1
DA:348,21
BRDA:348,15,0,1
DA:349,1
DA:351,20
BRDA:351,16,0,1
DA:352,1
DA:354,19
BRDA:354,17,0,1
DA:355,1
DA:357,18
BRDA:357,18,0,1
DA:358,1
DA:361,17
BRDA:361,19,0,1
DA:362,1
DA:364,16
BRDA:364,20,0,-
DA:365,0
DA:368,15
DA:385,16
FN:385,GameRegistry._verifySignature
FNDA:16,GameRegistry._verifySignature
DA:397,16
DA:398,16
DA:399,16
BRDA:399,21,0,1
DA:400,1
DA:402,15
DA:415,16
FN:415,GameRegistry._getMessageHash
FNDA:16,GameRegistry._getMessageHash
DA:416,16
DA:419,16
DA:430,1
FN:430,GameRegistry.getGameCoinsList
FNDA:1,GameRegistry.getGameCoinsList
DA:431,1
DA:438,2
FN:438,GameRegistry.getResourcesList
FNDA:2,GameRegistry.getResourcesList
DA:439,2
DA:446,1
FN:446,GameRegistry.getCharactersList
FNDA:1,GameRegistry.getCharactersList
DA:447,1
DA:454,1
FN:454,GameRegistry.getUniqueItemsList
FNDA:1,GameRegistry.getUniqueItemsList
DA:455,1
DA:463,2
FN:463,GameRegistry.getGameElementHash
FNDA:2,GameRegistry.getGameElementHash
DA:464,2
DA:472,3
FN:472,GameRegistry.getGameElementName
FNDA:3,GameRegistry.getGameElementName
DA:473,3
DA:481,7
FN:481,GameRegistry.getIsNonceUsed
FNDA:7,GameRegistry.getIsNonceUsed
DA:482,7
DA:490,2
FN:490,GameRegistry._authorizeUpgrade
FNDA:2,GameRegistry._authorizeUpgrade
DA:497,105
FN:497,GameRegistry._hashString
FNDA:105,GameRegistry._hashString
DA:498,105
DA:505,2
FN:505,GameRegistry.getBatchMaxLength
FNDA:2,GameRegistry.getBatchMaxLength
DA:506,2
FNF:23
FNH:23
LF:117
LH:112
BRF:22
BRH:18
end_of_record
TN:
SF:src/libraries/StringArray.sol
DA:13,260
FN:13,StringArray.removeByIndex
FNDA:260,StringArray.removeByIndex
DA:14,260
BRDA:14,0,0,1
DA:15,259
BRDA:15,1,0,1
DA:17,258
DA:18,258
FNF:1
FNH:1
LF:5
LH:5
BRF:2
BRH:2
end_of_record
TN:
SF:src/tokens/ERC1155/WBResources.sol
DA:54,46
FN:54,WBResources.constructor
FNDA:46,WBResources.constructor
DA:55,46
DA:67,44
FN:67,WBResources.initialize
FNDA:44,WBResources.initialize
DA:68,43
DA:69,43
DA:70,43
DA:71,43
DA:73,43
DA:74,43
DA:75,43
DA:76,43
DA:78,43
DA:86,3
FN:86,WBResources.pause
FNDA:3,WBResources.pause
DA:87,2
DA:96,1
FN:96,WBResources.uri
FNDA:1,WBResources.uri
DA:97,1
DA:104,1
FN:104,WBResources.unpause
FNDA:1,WBResources.unpause
DA:105,1
DA:116,14
FN:116,WBResources.mint
FNDA:14,WBResources.mint
DA:117,13
DA:127,5
FN:127,WBResources.burn
FNDA:5,WBResources.burn
DA:128,5
BRDA:128,0,0,1
DA:129,1
DA:131,4
DA:142,6
FN:142,WBResources.mintBatch
FNDA:6,WBResources.mintBatch
DA:143,5
DA:146,4
FN:146,WBResources.burnBatch
FNDA:4,WBResources.burnBatch
DA:147,4
BRDA:147,1,0,1
DA:148,1
DA:150,3
DA:158,2
FN:158,WBResources._authorizeUpgrade
FNDA:2,WBResources._authorizeUpgrade
DA:169,72
FN:169,WBResources._update
FNDA:72,WBResources._update
DA:178,72
DA:186,4
FN:186,WBResources.supportsInterface
FNDA:4,WBResources.supportsInterface
DA:187,4
FNF:12
FNH:12
LF:35
LH:35
BRF:2
BRH:2
end_of_record
TN:
SF:src/tokens/ERC20/WBCoin.sol
DA:46,31
FN:46,WBCoin.constructor
FNDA:31,WBCoin.constructor
DA:47,31
DA:58,30
FN:58,WBCoin.initialize
FNDA:30,WBCoin.initialize
DA:59,29
DA:60,29
DA:61,29
DA:62,29
DA:64,29
DA:65,29
DA:66,29
DA:73,4
FN:73,WBCoin.pause
FNDA:4,WBCoin.pause
DA:74,3
DA:81,1
FN:81,WBCoin.unpause
FNDA:1,WBCoin.unpause
DA:82,1
DA:91,7
FN:91,WBCoin.mint
FNDA:7,WBCoin.mint
DA:92,6
DA:95,2
FN:95,WBCoin.burn
FNDA:2,WBCoin.burn
DA:96,1
DA:104,2
FN:104,WBCoin._authorizeUpgrade
FNDA:2,WBCoin._authorizeUpgrade
DA:114,9
FN:114,WBCoin._update
FNDA:9,WBCoin._update
DA:115,9
DA:124,135
FN:124,WBCoin._grantRole
FNDA:135,WBCoin._grantRole
DA:133,135
DA:142,1
FN:142,WBCoin._revokeRole
FNDA:1,WBCoin._revokeRole
DA:151,1
DA:159,0
FN:159,WBCoin._setRoleAdmin
FNDA:0,WBCoin._setRoleAdmin
DA:160,0
DA:169,20
FN:169,WBCoin.grantRole
FNDA:20,WBCoin.grantRole
DA:177,20
DA:186,1
FN:186,WBCoin.revokeRole
FNDA:1,WBCoin.revokeRole
DA:194,1
DA:203,0
FN:203,WBCoin.renounceRole
FNDA:0,WBCoin.renounceRole
DA:211,0
DA:219,2
FN:219,WBCoin.supportsInterface
FNDA:2,WBCoin.supportsInterface
DA:226,2
FNF:15
FNH:13
LF:35
LH:31
BRF:0
BRH:0
end_of_record
TN:
SF:src/tokens/ERC721/WBCharacters.sol
DA:63,41
FN:63,WBCharacters.constructor
FNDA:41,WBCharacters.constructor
DA:64,41
DA:75,40
FN:75,WBCharacters.initialize
FNDA:40,WBCharacters.initialize
DA:76,39
DA:77,39
DA:78,39
DA:79,39
DA:80,39
DA:82,39
DA:83,39
DA:84,39
DA:85,39
DA:92,6
FN:92,WBCharacters.pause
FNDA:6,WBCharacters.pause
DA:93,5
DA:100,3
FN:100,WBCharacters.unpause
FNDA:3,WBCharacters.unpause
DA:101,2
DA:110,20
FN:110,WBCharacters.mint
FNDA:20,WBCharacters.mint
DA:111,19
DA:112,19
DA:113,19
DA:114,19
DA:121,19
FN:121,WBCharacters._getWBCharactersStorage
FNDA:19,WBCharacters._getWBCharactersStorage
DA:123,19
DA:132,2
FN:132,WBCharacters._authorizeUpgrade
FNDA:2,WBCharacters._authorizeUpgrade
DA:143,27
FN:143,WBCharacters._update
FNDA:27,WBCharacters._update
DA:152,27
DA:160,1
FN:160,WBCharacters._increaseBalance
FNDA:1,WBCharacters._increaseBalance
DA:161,1
DA:170,2
FN:170,WBCharacters.tokenURI
FNDA:2,WBCharacters.tokenURI
DA:171,2
DA:179,4
FN:179,WBCharacters.supportsInterface
FNDA:4,WBCharacters.supportsInterface
DA:185,4
DA:193,2
FN:193,WBCharacters._baseURI
FNDA:2,WBCharacters._baseURI
DA:194,2
DA:197,7
FN:197,WBCharacters._checkAuthorized
FNDA:7,WBCharacters._checkAuthorized
DA:198,7
BRDA:198,0,0,1
DA:199,1
BRDA:199,1,0,-
BRDA:199,1,1,-
DA:200,0
DA:201,1
BRDA:201,2,0,1
DA:202,1
FNF:13
FNH:13
LF:40
LH:39
BRF:4
BRH:2
end_of_record
TN:
SF:src/tokens/ERC721/WBItems.sol
DA:63,32
FN:63,WBItems.constructor
FNDA:32,WBItems.constructor
DA:64,32
DA:75,31
FN:75,WBItems.initialize
FNDA:31,WBItems.initialize
DA:76,30
DA:77,30
DA:78,30
DA:79,30
DA:80,30
DA:82,30
DA:83,30
DA:84,30
DA:85,30
DA:92,6
FN:92,WBItems.pause
FNDA:6,WBItems.pause
DA:93,5
DA:100,3
FN:100,WBItems.unpause
FNDA:3,WBItems.unpause
DA:101,2
DA:110,19
FN:110,WBItems.mint
FNDA:19,WBItems.mint
DA:111,18
DA:112,18
DA:113,18
DA:114,18
DA:121,18
FN:121,WBItems._getWBItemsStorage
FNDA:18,WBItems._getWBItemsStorage
DA:123,18
DA:132,2
FN:132,WBItems._authorizeUpgrade
FNDA:2,WBItems._authorizeUpgrade
DA:143,26
FN:143,WBItems._update
FNDA:26,WBItems._update
DA:152,26
DA:160,1
FN:160,WBItems._increaseBalance
FNDA:1,WBItems._increaseBalance
DA:161,1
DA:170,2
FN:170,WBItems.tokenURI
FNDA:2,WBItems.tokenURI
DA:171,2
DA:179,4
FN:179,WBItems.supportsInterface
FNDA:4,WBItems.supportsInterface
DA:185,4
DA:193,2
FN:193,WBItems._baseURI
FNDA:2,WBItems._baseURI
DA:194,2
DA:197,7
FN:197,WBItems._checkAuthorized
FNDA:7,WBItems._checkAuthorized
DA:198,7
BRDA:198,0,0,1
DA:199,1
BRDA:199,1,0,-
BRDA:199,1,1,-
DA:200,0
DA:201,1
BRDA:201,2,0,1
DA:202,1
FNF:13
FNH:13
LF:40
LH:39
BRF:4
BRH:2
end_of_record
TN:
SF:test/mocks/WBCharactersTestHelper.sol
DA:19,1
FN:19,WBCharactersTestHelper.exposeIncreaseBalance
FNDA:1,WBCharactersTestHelper.exposeIncreaseBalance
DA:22,1
BRDA:22,0,0,-
BRDA:22,0,1,1
DA:25,1
FNF:1
FNH:1
LF:3
LH:3
BRF:2
BRH:1
end_of_record
TN:
SF:test/mocks/WBCharactersV2Mock.sol
DA:9,1
FN:9,WBCharactersV2Mock.newFunction
FNDA:1,WBCharactersV2Mock.newFunction
DA:10,1
FNF:1
FNH:1
LF:2
LH:2
BRF:0
BRH:0
end_of_record
TN:
SF:test/mocks/WBCoinV2Mock.sol
DA:9,1
FN:9,WBCoinV2Mock.newFunction
FNDA:1,WBCoinV2Mock.newFunction
DA:10,1
FNF:1
FNH:1
LF:2
LH:2
BRF:0
BRH:0
end_of_record
TN:
SF:test/mocks/WBItemsTestHelper.sol
DA:19,1
FN:19,WBItemsTestHelper.exposeIncreaseBalance
FNDA:1,WBItemsTestHelper.exposeIncreaseBalance
DA:22,1
BRDA:22,0,0,-
BRDA:22,0,1,1
DA:25,1
FNF:1
FNH:1
LF:3
LH:3
BRF:2
BRH:1
end_of_record
TN:
SF:test/mocks/WBItemsV2Mock.sol
DA:9,1
FN:9,WBItemsV2Mock.newFunction
FNDA:1,WBItemsV2Mock.newFunction
DA:10,1
FNF:1
FNH:1
LF:2
LH:2
BRF:0
BRH:0
end_of_record
TN:
SF:test/mocks/WBResourcesV2Mock.sol
DA:9,1
FN:9,WBResourcesV2Mock.newFunction
FNDA:1,WBResourcesV2Mock.newFunction
DA:10,1
FNF:1
FNH:1
LF:2
LH:2
BRF:0
BRH:0
end_of_record
